mode: set
github.com/emejotaw/goevt/pkg/events/event_dispatcher.go:12.44,16.2 1 1
github.com/emejotaw/goevt/pkg/events/event_dispatcher.go:18.92,20.32 1 1
github.com/emejotaw/goevt/pkg/events/event_dispatcher.go:20.32,22.3 1 1
github.com/emejotaw/goevt/pkg/events/event_dispatcher.go:24.2,25.12 2 1
github.com/emejotaw/goevt/pkg/events/event_dispatcher.go:28.91,30.41 1 1
github.com/emejotaw/goevt/pkg/events/event_dispatcher.go:30.41,32.50 1 1
github.com/emejotaw/goevt/pkg/events/event_dispatcher.go:32.50,34.4 1 1
github.com/emejotaw/goevt/pkg/events/event_dispatcher.go:37.2,37.14 1 1
github.com/emejotaw/goevt/pkg/events/event_dispatcher.go:40.59,42.47 1 1
github.com/emejotaw/goevt/pkg/events/event_dispatcher.go:42.47,44.56 1 1
github.com/emejotaw/goevt/pkg/events/event_dispatcher.go:44.56,46.4 1 1
github.com/emejotaw/goevt/pkg/events/event_dispatcher.go:50.95,52.37 1 1
github.com/emejotaw/goevt/pkg/events/event_dispatcher.go:52.37,54.54 1 1
github.com/emejotaw/goevt/pkg/events/event_dispatcher.go:54.54,56.31 1 1
github.com/emejotaw/goevt/pkg/events/event_dispatcher.go:56.31,59.5 2 1
github.com/emejotaw/goevt/pkg/events/event_dispatcher.go:63.2,63.44 1 1
github.com/emejotaw/goevt/pkg/events/event_dispatcher.go:66.42,70.2 2 1
