mode: set
github.com/emejotaw/goevt/pkg/events/event_dispatcher.go:9.44,13.2 1 1
github.com/emejotaw/goevt/pkg/events/event_dispatcher.go:15.92,17.32 1 1
github.com/emejotaw/goevt/pkg/events/event_dispatcher.go:17.32,19.3 1 1
github.com/emejotaw/goevt/pkg/events/event_dispatcher.go:21.2,22.12 2 1
github.com/emejotaw/goevt/pkg/events/event_dispatcher.go:25.91,27.41 1 1
github.com/emejotaw/goevt/pkg/events/event_dispatcher.go:27.41,29.50 1 1
github.com/emejotaw/goevt/pkg/events/event_dispatcher.go:29.50,31.4 1 1
github.com/emejotaw/goevt/pkg/events/event_dispatcher.go:34.2,34.14 1 1
github.com/emejotaw/goevt/pkg/events/event_dispatcher.go:37.59,39.47 1 1
github.com/emejotaw/goevt/pkg/events/event_dispatcher.go:39.47,41.56 1 1
github.com/emejotaw/goevt/pkg/events/event_dispatcher.go:41.56,43.4 1 1
github.com/emejotaw/goevt/pkg/events/event_dispatcher.go:47.95,49.2 1 0
github.com/emejotaw/goevt/pkg/events/event_dispatcher.go:51.42,55.2 2 1
